<?xml version="1.0" encoding="UTF-8"?>
<!-- Generated by org.testng.reporters.JUnitXMLReporter -->
<testsuite ignored="2" hostname="DESKTOP-LCSEJB7" failures="0" tests="1" name="Default test" time="21.417" errors="0" timestamp="2022-07-12T11:33:37 IST">
  <testcase classname="com.trello.me.ActionClassPractice" name="dragAndDrop" time="21.343"/>
  <testcase classname="com.trello.me.ActionClassPractice" name="doubleClick" time="0.0">
    <ignored/>
  </testcase> <!-- doubleClick -->
  <testcase classname="com.trello.me.ActionClassPractice" name="contextClickActions" time="0.0">
    <ignored/>
  </testcase> <!-- contextClickActions -->
</testsuite> <!-- Default test -->
