<?xml version="1.0" encoding="UTF-8"?>
<testng-results ignored="2" total="3" passed="1" failed="0" skipped="0">
  <reporter-output>
  </reporter-output>
  <suite started-at="2022-07-12T11:33:15 IST" name="Default suite" finished-at="2022-07-12T11:33:37 IST" duration-ms="21417">
    <groups>
    </groups>
    <test started-at="2022-07-12T11:33:15 IST" name="Default test" finished-at="2022-07-12T11:33:37 IST" duration-ms="21417">
      <class name="com.trello.me.ActionClassPractice">
        <test-method signature="dragAndDrop()[pri:0, instance:com.trello.me.ActionClassPractice@662b4c69]" started-at="2022-07-12T11:33:16 IST" name="dragAndDrop" finished-at="2022-07-12T11:33:37 IST" duration-ms="21343" status="PASS">
          <reporter-output>
          </reporter-output>
        </test-method> <!-- dragAndDrop -->
      </class> <!-- com.trello.me.ActionClassPractice -->
    </test> <!-- Default test -->
  </suite> <!-- Default suite -->
</testng-results>
